

times in msec
 clock   self+sourced   self:  sourced script
 clock   elapsed:              other lines

000.015  000.015: --- NVIM STARTING ---
000.058  000.043: event init
000.150  000.092: early init
013.014  012.863: locale set
013.074  000.061: init first window
013.571  000.497: inits 1
013.647  000.075: window checked
013.656  000.009: parsing arguments
015.174  000.272  000.272: require('vim.shared')
015.776  000.238  000.238: require('vim._meta')
015.782  000.600  000.363: require('vim._editor')
015.786  001.084  000.211: require('vim._init_packages')
015.797  001.057: init lua interpreter
016.045  000.248: expanding arguments
016.084  000.039: inits 2
016.590  000.506: init highlight
016.593  000.003: waiting for UI
016.768  000.175: done waiting for UI
016.775  000.007: clear screen
017.068  000.293: init default mappings & autocommands
049.685  000.162  000.162: sourcing C:\Users\mikew\AppData\Local\Programs\Neovim\share\nvim\runtime\ftplugin.vim
055.767  000.098  000.098: sourcing C:\Users\mikew\AppData\Local\Programs\Neovim\share\nvim\runtime\indent.vim
057.680  000.162  000.162: require('vim.keymap')
060.425  003.261  003.099: require('mikew.remap')
060.883  000.450  000.450: require('mikew.set')
060.891  004.022  000.310: require('mikew')
060.895  004.545  000.524: sourcing C:\Users\mikew\AppData\Local\nvim\init.lua
060.930  039.056: sourcing vimrc file(s)
072.687  000.059  000.059: sourcing C:\Users\mikew\AppData\Local\nvim-data\site\pack\packer\start\vim-fugitive\ftdetect\fugitive.vim
074.113  006.654  006.594: sourcing C:\Users\mikew\AppData\Local\Programs\Neovim\share\nvim\runtime\filetype.lua
081.165  000.070  000.070: sourcing C:\Users\mikew\AppData\Local\nvim-data\site\pack\packer\start\nvim-treesitter\autoload\nvim_treesitter.vim
140.801  007.022  007.022: require('vim.treesitter.language')
140.833  014.070  007.048: require('vim.treesitter.query')
147.602  006.761  006.761: require('vim.treesitter._range')
147.626  028.412  007.581: require('vim.treesitter.languagetree')
147.642  039.639  011.227: require('vim.treesitter')
148.100  049.360  009.721: require('nvim-treesitter.parsers')
155.052  006.946  006.946: require('nvim-treesitter.utils')
155.070  062.768  006.463: require('nvim-treesitter.ts_utils')
166.342  004.857  004.857: require('nvim-treesitter.compat')
172.491  006.135  006.135: require('nvim-treesitter.tsrange')
177.713  005.209  005.209: require('nvim-treesitter.caching')
177.737  022.660  006.460: require('nvim-treesitter.query')
177.747  096.494  011.066: require('nvim-treesitter.fold')
190.997  000.177  000.177: sourcing C:\Users\mikew\AppData\Local\Programs\Neovim\share\nvim\runtime\syntax\synload.vim
192.615  008.838  008.662: sourcing C:\Users\mikew\AppData\Local\Programs\Neovim\share\nvim\runtime\syntax\syntax.vim
204.948  000.432  000.432: sourcing C:\Users\mikew\AppData\Local\Programs\Neovim\share\nvim\runtime\plugin\gzip.vim
208.484  000.045  000.045: sourcing C:\Users\mikew\AppData\Local\Programs\Neovim\share\nvim\runtime\plugin\health.vim
219.998  000.463  000.463: sourcing C:\Users\mikew\AppData\Local\Programs\Neovim\share\nvim\runtime\pack\dist\opt\matchit\plugin\matchit.vim
220.350  007.894  007.431: sourcing C:\Users\mikew\AppData\Local\Programs\Neovim\share\nvim\runtime\plugin\matchit.vim
226.119  000.288  000.288: sourcing C:\Users\mikew\AppData\Local\Programs\Neovim\share\nvim\runtime\plugin\matchparen.vim
232.986  000.746  000.746: sourcing C:\Users\mikew\AppData\Local\Programs\Neovim\share\nvim\runtime\plugin\netrwPlugin.vim
242.113  000.042  000.042: sourcing C:\Users\mikew\AppData\Local\nvim-data/rplugin.vim
242.162  003.961  003.919: sourcing C:\Users\mikew\AppData\Local\Programs\Neovim\share\nvim\runtime\plugin\rplugin.vim
247.503  000.159  000.159: sourcing C:\Users\mikew\AppData\Local\Programs\Neovim\share\nvim\runtime\plugin\shada.vim
251.695  000.073  000.073: sourcing C:\Users\mikew\AppData\Local\Programs\Neovim\share\nvim\runtime\plugin\spellfile.vim
256.135  000.242  000.242: sourcing C:\Users\mikew\AppData\Local\Programs\Neovim\share\nvim\runtime\plugin\tarPlugin.vim
262.266  000.191  000.191: sourcing C:\Users\mikew\AppData\Local\Programs\Neovim\share\nvim\runtime\plugin\tohtml.vim
266.386  000.076  000.076: sourcing C:\Users\mikew\AppData\Local\Programs\Neovim\share\nvim\runtime\plugin\tutor.vim
270.819  000.272  000.272: sourcing C:\Users\mikew\AppData\Local\Programs\Neovim\share\nvim\runtime\plugin\zipPlugin.vim
292.780  006.761  006.761: require('gitsigns.async')
304.202  004.807  004.807: require('gitsigns.message')
304.255  011.460  006.653: require('gitsigns.config')
310.522  006.261  006.261: require('gitsigns.debug.log')
310.540  038.056  013.575: require('gitsigns')
311.996  040.639  002.582: sourcing C:\Users\mikew\AppData\Local\nvim\plugin\packer_compiled.lua
316.833  000.153  000.153: sourcing C:\Users\mikew\AppData\Local\Programs\Neovim\share\nvim\runtime\plugin\editorconfig.lua
321.153  000.174  000.174: sourcing C:\Users\mikew\AppData\Local\Programs\Neovim\share\nvim\runtime\plugin\man.lua
325.156  000.153  000.153: sourcing C:\Users\mikew\AppData\Local\Programs\Neovim\share\nvim\runtime\plugin\nvim.lua
325.228  096.744: loading rtp plugins
333.905  000.113  000.113: sourcing C:\Users\mikew\AppData\Local\nvim-data\site\pack\packer\start\lsp-zero.nvim\plugin\lsp-zero.lua
338.358  000.074  000.074: sourcing C:\Users\mikew\AppData\Local\nvim-data\site\pack\packer\start\LuaSnip\plugin\luasnip.vim
346.644  002.158  002.158: require('vim.filetype')
358.356  004.474  004.474: require('luasnip.util.types')
364.093  005.724  005.724: require('luasnip.util.ext_opts')
380.056  004.497  004.497: require('luasnip.session')
384.304  014.859  010.361: require('luasnip.util.util')
384.313  020.208  005.349: require('luasnip.extras.filetype_functions')
384.678  037.704  007.298: require('luasnip.config')
401.204  004.463  004.463: require('luasnip.session.snippet_collection.source')
401.232  010.042  005.579: require('luasnip.session.snippet_collection')
413.141  006.466  006.466: require('luasnip.util._builtin_vars')
413.756  000.592  000.592: require('vim.inspect')
413.793  012.554  005.496: require('luasnip.util.environ')
419.095  005.296  005.296: require('luasnip.util.extend_decorator')
430.328  004.641  004.641: require('luasnip.loaders._caches')
443.103  006.564  006.564: require('luasnip.util.path')
443.121  012.778  006.215: require('luasnip.loaders.util')
443.168  024.017  006.598: require('luasnip.loaders')
448.877  005.695  005.695: require('luasnip.util.log')
448.944  064.244  006.640: require('luasnip')
449.116  104.825  000.720: sourcing C:\Users\mikew\AppData\Local\nvim-data\site\pack\packer\start\LuaSnip\plugin\luasnip.lua
455.735  000.306  000.306: sourcing C:\Users\mikew\AppData\Local\nvim-data\site\pack\packer\start\neo-tree.nvim\plugin\neo-tree.vim
468.199  006.112  006.112: require('cmp.utils.api')
478.439  005.313  005.313: require('cmp.types.cmp')
490.111  005.683  005.683: require('cmp.utils.misc')
490.275  011.823  006.140: require('cmp.types.lsp')
494.574  004.291  004.291: require('cmp.types.vim')
494.585  026.370  004.944: require('cmp.types')
499.346  004.755  004.755: require('cmp.utils.highlight')
509.508  005.096  005.096: require('cmp.utils.debug')
509.539  010.181  005.084: require('cmp.utils.autocmd')
510.090  048.214  000.797: sourcing C:\Users\mikew\AppData\Local\nvim-data\site\pack\packer\start\nvim-cmp\plugin\cmp.lua
541.859  006.218  006.218: require('vim.lsp.log')
548.411  006.534  006.534: require('vim.lsp.protocol')
562.683  006.524  006.524: require('vim.lsp._snippet')
568.160  005.462  005.462: require('vim.highlight')
568.207  000.030  000.030: require('vim.F')
568.233  019.809  007.793: require('vim.lsp.util')
568.251  040.468  007.906: require('vim.lsp.handlers')
575.882  007.626  007.626: require('vim.lsp.rpc')
582.347  006.454  006.454: require('vim.lsp.sync')
589.591  007.231  007.231: require('vim.lsp.semantic_tokens')
596.188  006.584  006.584: require('vim.lsp.buf')
602.268  006.065  006.065: require('vim.lsp.diagnostic')
608.399  006.120  006.120: require('vim.lsp.codelens')
608.487  090.997  010.450: require('vim.lsp')
614.619  006.065  006.065: require('vim.version')
616.359  099.185  002.124: sourcing C:\Users\mikew\AppData\Local\nvim-data\site\pack\packer\start\nvim-lspconfig\plugin\lspconfig.lua
644.483  006.558  006.558: require('nvim-treesitter.configs')
644.501  012.118  005.560: require('nvim-treesitter.info')
650.589  006.082  006.082: require('nvim-treesitter.shell_command_selectors')
650.639  025.066  006.866: require('nvim-treesitter.install')
656.221  005.575  005.575: require('nvim-treesitter.statusline')
661.790  005.554  005.554: require('nvim-treesitter.query_predicates')
661.804  040.470  004.275: require('nvim-treesitter')
662.803  041.603  001.133: sourcing C:\Users\mikew\AppData\Local\nvim-data\site\pack\packer\start\nvim-treesitter\plugin\nvim-treesitter.lua
668.212  000.099  000.099: sourcing C:\Users\mikew\AppData\Local\nvim-data\site\pack\packer\start\nvim-web-devicons\plugin\nvim-web-devicons.vim
678.810  005.206  005.206: require('nvim-treesitter-playground')
678.959  005.517  000.310: sourcing C:\Users\mikew\AppData\Local\nvim-data\site\pack\packer\start\playground\plugin\nvim-treesitter-playground.lua
683.572  000.127  000.127: sourcing C:\Users\mikew\AppData\Local\nvim-data\site\pack\packer\start\plenary.nvim\plugin\plenary.vim
690.068  000.543  000.543: sourcing C:\Users\mikew\AppData\Local\nvim-data\site\pack\packer\start\telescope.nvim\plugin\telescope.lua
696.802  000.254  000.254: sourcing C:\Users\mikew\AppData\Local\nvim-data\site\pack\packer\start\undotree\plugin\undotree.vim
708.563  001.861  001.861: sourcing C:\Users\mikew\AppData\Local\nvim-data\site\pack\packer\start\vim-fugitive\plugin\fugitive.vim
709.023  081.073: loading packages
739.419  006.276  006.276: require('cmp.utils.char')
739.447  012.016  005.740: require('cmp.utils.str')
755.495  004.877  004.877: require('cmp.utils.buffer')
755.525  010.936  006.059: require('cmp.utils.keymap')
755.535  016.080  005.144: require('cmp.utils.feedkeys')
775.236  006.459  006.459: require('cmp.config.mapping')
780.658  005.408  005.408: require('cmp.utils.cache')
791.233  005.231  005.231: require('cmp.config.compare')
791.246  010.573  005.342: require('cmp.config.default')
791.279  028.627  006.187: require('cmp.config')
791.328  035.789  007.162: require('cmp.utils.async')
802.228  005.129  005.129: require('cmp.utils.pattern')
802.253  010.917  005.788: require('cmp.context')
819.995  005.414  005.414: require('cmp.matcher')
820.014  011.739  006.325: require('cmp.entry')
820.029  017.767  006.029: require('cmp.source')
831.398  005.137  005.137: require('cmp.utils.event')
848.081  004.822  004.822: require('cmp.utils.options')
848.105  010.375  005.553: require('cmp.utils.window')
848.115  016.703  006.329: require('cmp.view.docs_view')
854.293  006.171  006.171: require('cmp.view.custom_entries_view')
860.041  005.735  005.735: require('cmp.view.wildmenu_entries_view')
865.800  005.747  005.747: require('cmp.view.native_entries_view')
871.196  005.383  005.383: require('cmp.view.ghost_text_view')
871.230  051.196  006.319: require('cmp.view')
871.748  150.863  007.098: require('cmp.core')
876.283  004.387  004.387: require('cmp.config.sources')
881.328  005.033  005.033: require('cmp.config.window')
881.447  167.396  007.113: require('cmp')
900.730  004.771  004.771: require('cmp_buffer.timer')
900.761  010.157  005.386: require('cmp_buffer.buffer')
900.775  015.482  005.326: require('cmp_buffer.source')
900.783  019.330  003.848: require('cmp_buffer')
900.838  186.900  000.173: sourcing C:\Users\mikew\AppData\Local\nvim-data\site\pack\packer\start\cmp-buffer\after\plugin\cmp_buffer.lua
916.606  006.153  006.153: require('cmp_nvim_lsp.source')
916.621  011.451  005.298: require('cmp_nvim_lsp')
916.698  011.632  000.181: sourcing C:\Users\mikew\AppData\Local\nvim-data\site\pack\packer\start\cmp-nvim-lsp\after\plugin\cmp_nvim_lsp.lua
925.478  004.908  004.908: require('cmp_nvim_lua')
925.530  005.073  000.164: sourcing C:\Users\mikew\AppData\Local\nvim-data\site\pack\packer\start\cmp-nvim-lua\after\plugin\cmp_nvim_lua.lua
935.278  005.356  005.356: require('cmp_path')
935.337  005.513  000.158: sourcing C:\Users\mikew\AppData\Local\nvim-data\site\pack\packer\start\cmp-path\after\plugin\cmp_path.lua
945.381  005.936  005.936: require('cmp_luasnip')
945.477  006.178  000.243: sourcing C:\Users\mikew\AppData\Local\nvim-data\site\pack\packer\start\cmp_luasnip\after\plugin\cmp_luasnip.lua
958.464  006.565  006.565: require('kanagawa')
963.570  005.093  005.093: require('kanagawa.utils')
969.478  005.878  005.878: require('kanagawa.colors')
986.499  006.568  006.568: require('kanagawa.lib.hsluv')
986.542  011.659  005.091: require('kanagawa.lib.color')
986.548  016.908  005.249: require('kanagawa.themes')
991.967  005.264  005.264: require('kanagawa.highlights')
997.325  005.345  005.345: require('kanagawa.highlights.editor')
1002.644  005.217  005.217: require('kanagawa.highlights.syntax')
1007.644  004.941  004.941: require('kanagawa.highlights.treesitter')
1012.807  004.933  004.933: require('kanagawa.highlights.lsp')
1017.611  004.786  004.786: require('kanagawa.highlights.plugins')
1018.582  066.760  001.831: sourcing C:\Users\mikew\AppData\Local\nvim-data\site\pack\packer\start\kanagawa\colors\kanagawa-dragon.vim
1019.271  072.761  006.002: sourcing C:\Users\mikew\AppData\Local\nvim\after\plugin\colors.lua
1019.627  000.098  000.098: sourcing C:\Users\mikew\AppData\Local\nvim\after\plugin\fugitive.lua
1045.921  007.125  007.125: require('plenary.bit')
1052.009  006.072  006.072: require('plenary.functional')
1052.058  020.956  007.760: require('plenary.path')
1064.437  007.178  007.178: require('plenary.job')
1064.453  012.389  005.212: require('harpoon.utils')
1077.603  007.471  007.471: require('plenary.log')
1077.672  013.213  005.742: require('harpoon.dev')
1084.686  058.709  012.151: require('harpoon')
1084.708  064.856  006.147: require('harpoon.mark')
1111.341  006.736  006.736: require('plenary.strings')
1111.363  013.653  006.917: require('plenary.window.border')
1116.792  005.422  005.422: require('plenary.window')
1122.089  005.281  005.281: require('plenary.popup.utils')
1122.107  031.595  007.239: require('plenary.popup')
1122.121  037.407  005.813: require('harpoon.ui')
1122.180  102.385  000.121: sourcing C:\Users\mikew\AppData\Local\nvim\after\plugin\harpoon.lua
1137.361  007.288  007.288: require('lsp-zero.server')
1149.684  008.314  008.314: require('lspconfig.util')
1163.434  006.919  006.919: require('lspconfig.configs')
1163.450  012.461  005.541: require('lspconfig')
1163.633  041.086  013.023: require('lsp-zero')
1169.000  005.359  005.359: require('lsp-zero.settings')
1174.545  005.532  005.532: require('lsp-zero.preset')
1179.338  004.768  004.768: require('lsp-zero.installer')
1190.656  006.295  006.295: require('mason-core.path')
1204.173  006.970  006.970: require('mason-core.functional')
1214.929  004.368  004.368: require('mason-core.functional.data')
1214.952  010.671  006.304: require('mason-core.functional.function')
1220.951  005.944  005.944: require('mason-core.functional.relation')
1226.293  005.317  005.317: require('mason-core.functional.logic')
1226.333  035.661  006.759: require('mason-core.platform')
1232.514  006.173  006.173: require('mason.settings')
1232.528  053.175  005.045: require('mason')
1244.842  005.767  005.767: require('mason-core.functional.list')
1251.109  006.251  006.251: require('mason-core.functional.string')
1251.184  018.588  006.570: require('mason.api.command')
1257.783  006.578  006.578: require('mason-registry.sources')
1270.309  005.990  005.990: require('mason-core.log')
1275.788  005.463  005.463: require('mason-lspconfig.settings')
1275.802  017.986  006.533: require('mason-lspconfig')
1285.475  004.099  004.099: require('mason-lspconfig.notify')
1285.497  009.653  005.554: require('mason-lspconfig.lspconfig_hook')
1296.965  005.373  005.373: require('mason-core.functional.table')
1297.057  011.553  006.181: require('mason-lspconfig.mappings.server')
1309.020  005.851  005.851: require('mason-core.EventEmitter')
1314.689  005.655  005.655: require('mason-core.optional')
1326.584  006.297  006.297: require('mason-core.async')
1330.820  004.204  004.204: require('mason-core.async.uv')
1330.839  016.138  005.637: require('mason-core.fs')
1330.894  033.831  006.188: require('mason-registry')
1335.116  004.215  004.215: require('mason-lspconfig.server_config_extensions')
1341.377  006.250  006.250: require('lspconfig.server_configurations.omnisharp')
1352.275  004.511  004.511: require('mason-core.functional.number')
1352.332  010.461  005.951: require('mason-lspconfig.api.command')
1357.400  004.782  004.782: require('lsp-zero.setup')
1364.249  005.531  005.531: require('lsp-zero.cmp')
1372.519  007.243  007.243: require('vim.diagnostic')
1377.367  004.819  004.819: require('mason-lspconfig.ensure_installed')
1402.235  005.759  005.759: require('mason-core.result')
1402.336  011.700  005.941: require('mason-core.purl')
1402.357  017.977  006.277: require('mason-core.package')
1420.057  006.067  006.067: require('mason-core.process')
1430.133  010.063  010.063: require('mason-core.spawn')
1430.146  022.123  005.993: require('mason-core.managers.powershell')
1433.936  003.782  003.782: require('mason.version')
1433.950  031.587  005.682: require('mason-core.fetch')
1439.279  005.321  005.321: require('mason-core.providers')
1457.435  005.510  005.510: require('mason-core.installer.registry.expr')
1457.464  011.120  005.609: require('mason-core.installer.registry.link')
1487.621  005.494  005.494: require('mason-core.receipt')
1487.701  011.108  005.614: require('mason-core.installer.context')
1493.242  005.531  005.531: require('mason-core.async.control')
1499.224  005.969  005.969: require('mason-core.installer.linker')
1499.244  029.419  006.811: require('mason-core.installer')
1499.293  036.282  006.863: require('mason-core.installer.managers.std')
1499.300  041.831  005.549: require('mason-core.installer.registry.schemas')
1504.411  005.106  005.106: require('mason-core.installer.registry.util')
1504.438  065.146  007.090: require('mason-core.installer.registry')
1504.460  127.071  007.040: require('mason-registry.sources.github')
1518.083  005.124  005.124: require('mason-registry.installer')
1529.629  005.532  005.532: require('mason-vendor.zzlib.inflate-bit32')
1529.645  011.508  005.975: require('mason-vendor.zzlib')
1549.264  005.405  005.405: require('mason-lspconfig.server_configurations.omnisharp')
1556.706  006.934  006.934: require('lspconfig.server_configurations.rust_analyzer')
1565.124  005.457  005.457: require('lspconfig.server_configurations.tsserver')
1572.057  004.753  004.753: require('lspconfig.server_configurations.bashls')
1579.070  004.941  004.941: require('lspconfig.server_configurations.taplo')
1586.438  005.083  005.083: require('lspconfig.server_configurations.html')
1594.450  006.102  006.102: require('lspconfig.server_configurations.gopls')
1601.366  005.058  005.058: require('lspconfig.server_configurations.pylsp')
1613.847  006.711  006.711: require('mason-core.managers.pip3')
1613.860  011.927  005.216: require('mason-lspconfig.server_configurations.pylsp')
1619.154  005.073  005.073: require('lspconfig.server_configurations.cssls')
1628.748  006.554  006.554: require('lspconfig.server_configurations.lua_ls')
1638.372  007.371  007.371: require('lspconfig.server_configurations.jdtls')
1646.450  005.624  005.624: require('lspconfig.server_configurations.clangd')
1654.373  005.551  005.551: require('lsp-zero.cmp-mapping')
1655.124  532.693  051.746: sourcing C:\Users\mikew\AppData\Local\nvim\after\plugin\lsp.lua
1668.166  005.201  005.201: require('feline.utils')
1674.068  005.889  005.889: require('feline.defaults')
1674.106  017.170  006.080: require('feline')
1679.493  005.362  005.362: require('feline.providers')
1687.717  003.687  003.687: require('feline.themes.default')
1687.734  008.227  004.540: require('feline.themes')
1695.501  007.720  007.720: require('nvim-web-devicons')
1706.235  005.603  005.603: require('feline.providers.vi_mode')
1706.451  010.940  005.336: require('feline.default_components')
1712.517  006.059  006.059: require('feline.generator')
1712.597  057.248  001.769: sourcing C:\Users\mikew\AppData\Local\nvim\after\plugin\statusbar.lua
1758.433  005.449  005.449: require('plenary.tbl')
1758.453  011.054  005.605: require('plenary.vararg.rotate')
1758.459  015.697  004.643: require('plenary.vararg')
1762.805  004.341  004.341: require('plenary.errors')
1762.834  027.725  007.687: require('plenary.async.async')
1768.136  005.297  005.297: require('plenary.async.structs')
1768.156  040.556  007.534: require('plenary.async.control')
1789.109  005.255  005.255: require('telescope.deprecated')
1802.037  005.005  005.005: require('telescope.log')
1813.536  004.930  004.930: require('telescope.state')
1813.560  011.511  006.582: require('telescope.utils')
1813.573  024.449  007.932: require('telescope.sorters')
1815.141  038.750  009.047: require('telescope.config')
1821.762  006.611  006.611: require('telescope.pickers.scroller')
1827.273  005.495  005.495: require('telescope.actions.state')
1833.688  006.403  006.403: require('telescope.actions.utils')
1846.477  007.255  007.255: require('telescope.actions.mt')
1846.505  012.805  005.549: require('telescope.actions.set')
1859.344  007.240  007.240: require('telescope.config.resolve')
1859.388  012.877  005.638: require('telescope.pickers.entry_display')
1864.938  005.544  005.544: require('telescope.from_entry')
1865.177  097.012  008.526: require('telescope.actions')
1878.727  007.643  007.643: require('telescope.make_entry')
1902.287  007.360  007.360: require('plenary.async.util')
1902.303  013.199  005.839: require('plenary.async.tests')
1902.309  018.205  005.006: require('plenary.async')
1902.315  023.576  005.370: require('telescope.finders.async_static_finder')
1920.602  005.722  005.722: require('plenary.class')
1920.734  012.763  007.041: require('telescope._')
1920.742  018.419  005.656: require('telescope.finders.async_oneshot_finder')
1926.091  005.343  005.343: require('telescope.finders.async_job_finder')
1926.109  060.923  005.942: require('telescope.finders')
1944.291  005.840  005.840: require('telescope._extensions')
1944.307  011.764  005.925: require('telescope')
1951.167  006.852  006.852: require('telescope.debounce')
1957.581  006.400  006.400: require('telescope.mappings')
1963.079  005.484  005.484: require('telescope.pickers.highlights')
1967.821  004.731  004.731: require('telescope.pickers.window')
1978.724  005.604  005.604: require('telescope.algos.linked_list')
1978.739  010.907  005.303: require('telescope.entry_manager')
1983.918  005.173  005.173: require('telescope.pickers.multi')
1983.956  057.841  006.529: require('telescope.pickers')
1983.973  263.068  006.736: require('telescope.builtin.__lsp')
1984.012  271.088  008.020: require('telescope.builtin')
1984.079  271.217  000.129: sourcing C:\Users\mikew\AppData\Local\nvim\after\plugin\telescope.lua
1996.748  004.834  004.834: require('nvim-treesitter.highlight')
1996.882  012.546  007.712: sourcing C:\Users\mikew\AppData\Local\nvim\after\plugin\treesitter.lua
1997.210  000.085  000.085: sourcing C:\Users\mikew\AppData\Local\nvim\after\plugin\undotree.lua
1997.230  023.879: loading after plugins
1997.266  000.037: inits 3
2007.976  010.710: reading ShaDa
2015.121  006.633  006.633: require('luasnip.loaders.from_lua')
2020.650  005.484  005.484: require('luasnip.loaders.from_snipmate')
2033.025  005.476  005.476: require('luasnip.util.jsonc')
2033.042  012.335  006.859: require('luasnip.loaders.from_vscode')
2033.365  000.937: opening buffers
2033.543  000.178: BufEnter autocommands
2033.549  000.005: editing files in windows
2039.147  005.378  005.378: require('mason-core.terminator')
2047.975  000.263  000.263: require('vim.fs')
2054.493  006.366  006.366: require('gitsigns.cache')
2067.185  006.198  006.198: require('gitsigns.util')
2073.050  005.847  005.847: require('gitsigns.subprocess')
2078.916  005.851  005.851: require('gitsigns.hunks')
2080.475  025.964  008.068: require('gitsigns.git')
2105.131  008.338  008.338: require('mason-registry.api')
2105.153  017.681  009.344: require('mason.providers.registry-api')


times in msec
 clock   self+sourced   self:  sourced script
 clock   elapsed:              other lines

000.018  000.018: --- NVIM STARTING ---
000.079  000.061: event init
000.203  000.124: early init
012.014  011.811: locale set
012.113  000.099: init first window
012.777  000.664: inits 1
012.881  000.104: window checked
012.891  000.010: parsing arguments
013.997  000.351  000.351: require('vim.shared')
014.656  000.247  000.247: require('vim._meta')
014.662  000.656  000.409: require('vim._editor')
014.665  001.129  000.122: require('vim._init_packages')
014.676  000.657: init lua interpreter
018.702  004.025: expanding arguments
018.751  000.050: inits 2
019.336  000.585: init highlight


times in msec
 clock   self+sourced   self:  sourced script
 clock   elapsed:              other lines

000.014  000.014: --- NVIM STARTING ---
000.056  000.041: event init
000.142  000.086: early init
013.009  012.867: locale set
013.074  000.066: init first window
013.543  000.468: inits 1
013.595  000.052: window checked
013.609  000.014: parsing arguments
014.745  000.267  000.267: require('vim.shared')
015.347  000.230  000.230: require('vim._meta')
015.352  000.594  000.364: require('vim._editor')
015.355  001.003  000.142: require('vim._init_packages')
015.367  000.755: init lua interpreter
015.662  000.295: expanding arguments
015.705  000.044: inits 2
016.238  000.532: init highlight
016.241  000.003: waiting for UI
016.385  000.144: done waiting for UI
016.392  000.007: clear screen
016.646  000.254: init default mappings & autocommands
021.885  000.112  000.112: sourcing C:\Users\mikew\AppData\Local\Programs\Neovim\share\nvim\runtime\ftplugin.vim
022.640  000.067  000.067: sourcing C:\Users\mikew\AppData\Local\Programs\Neovim\share\nvim\runtime\indent.vim
023.487  000.108  000.108: require('vim.keymap')
024.058  000.836  000.728: require('mikew.remap')
024.505  000.439  000.439: require('mikew.set')
024.514  001.436  000.161: require('mikew')
024.518  001.500  000.064: sourcing C:\Users\mikew\AppData\Local\nvim\init.lua
024.558  006.233: sourcing vimrc file(s)
026.559  000.039  000.039: sourcing C:\Users\mikew\AppData\Local\nvim-data\site\pack\packer\start\vim-fugitive\ftdetect\fugitive.vim
027.424  001.788  001.749: sourcing C:\Users\mikew\AppData\Local\Programs\Neovim\share\nvim\runtime\filetype.lua
028.271  000.065  000.065: sourcing C:\Users\mikew\AppData\Local\nvim-data\site\pack\packer\start\nvim-treesitter\autoload\nvim_treesitter.vim
036.580  001.025  001.025: require('vim.treesitter.language')
036.595  002.306  001.281: require('vim.treesitter.query')
037.622  001.020  001.020: require('vim.treesitter._range')
037.634  004.666  001.340: require('vim.treesitter.languagetree')
037.642  006.042  001.376: require('vim.treesitter')
037.983  007.608  001.566: require('nvim-treesitter.parsers')
038.798  000.809  000.809: require('nvim-treesitter.utils')
038.809  009.260  000.843: require('nvim-treesitter.ts_utils')
040.392  000.693  000.693: require('nvim-treesitter.compat')
041.100  000.701  000.701: require('nvim-treesitter.tsrange')
041.759  000.652  000.652: require('nvim-treesitter.caching')
041.770  002.955  000.909: require('nvim-treesitter.query')
041.775  013.462  001.247: require('nvim-treesitter.fold')
042.819  000.128  000.128: sourcing C:\Users\mikew\AppData\Local\Programs\Neovim\share\nvim\runtime\syntax\synload.vim
043.994  002.048  001.920: sourcing C:\Users\mikew\AppData\Local\Programs\Neovim\share\nvim\runtime\syntax\syntax.vim
049.725  000.332  000.332: sourcing C:\Users\mikew\AppData\Local\Programs\Neovim\share\nvim\runtime\plugin\gzip.vim
049.895  000.035  000.035: sourcing C:\Users\mikew\AppData\Local\Programs\Neovim\share\nvim\runtime\plugin\health.vim
051.615  000.376  000.376: sourcing C:\Users\mikew\AppData\Local\Programs\Neovim\share\nvim\runtime\pack\dist\opt\matchit\plugin\matchit.vim
051.877  001.856  001.480: sourcing C:\Users\mikew\AppData\Local\Programs\Neovim\share\nvim\runtime\plugin\matchit.vim
052.209  000.200  000.200: sourcing C:\Users\mikew\AppData\Local\Programs\Neovim\share\nvim\runtime\plugin\matchparen.vim
052.904  000.564  000.564: sourcing C:\Users\mikew\AppData\Local\Programs\Neovim\share\nvim\runtime\plugin\netrwPlugin.vim
053.494  000.027  000.027: sourcing C:\Users\mikew\AppData\Local\nvim-data/rplugin.vim
053.514  000.452  000.425: sourcing C:\Users\mikew\AppData\Local\Programs\Neovim\share\nvim\runtime\plugin\rplugin.vim
053.744  000.096  000.096: sourcing C:\Users\mikew\AppData\Local\Programs\Neovim\share\nvim\runtime\plugin\shada.vim
053.928  000.042  000.042: sourcing C:\Users\mikew\AppData\Local\Programs\Neovim\share\nvim\runtime\plugin\spellfile.vim
054.221  000.158  000.158: sourcing C:\Users\mikew\AppData\Local\Programs\Neovim\share\nvim\runtime\plugin\tarPlugin.vim
054.593  000.137  000.137: sourcing C:\Users\mikew\AppData\Local\Programs\Neovim\share\nvim\runtime\plugin\tohtml.vim
054.774  000.044  000.044: sourcing C:\Users\mikew\AppData\Local\Programs\Neovim\share\nvim\runtime\plugin\tutor.vim
055.175  000.182  000.182: sourcing C:\Users\mikew\AppData\Local\Programs\Neovim\share\nvim\runtime\plugin\zipPlugin.vim
064.501  000.482  000.482: require('gitsigns.async')
065.375  000.301  000.301: require('gitsigns.message')
065.400  000.889  000.588: require('gitsigns.config')
065.756  000.352  000.352: require('gitsigns.debug.log')
065.772  009.151  007.429: require('gitsigns')
067.028  011.386  002.234: sourcing C:\Users\mikew\AppData\Local\nvim\plugin\packer_compiled.lua
068.029  000.104  000.104: sourcing C:\Users\mikew\AppData\Local\Programs\Neovim\share\nvim\runtime\plugin\editorconfig.lua
068.300  000.092  000.092: sourcing C:\Users\mikew\AppData\Local\Programs\Neovim\share\nvim\runtime\plugin\man.lua
068.530  000.085  000.085: sourcing C:\Users\mikew\AppData\Local\Programs\Neovim\share\nvim\runtime\plugin\nvim.lua
068.595  010.909: loading rtp plugins
072.904  000.069  000.069: sourcing C:\Users\mikew\AppData\Local\nvim-data\site\pack\packer\start\lsp-zero.nvim\plugin\lsp-zero.lua
073.386  000.045  000.045: sourcing C:\Users\mikew\AppData\Local\nvim-data\site\pack\packer\start\LuaSnip\plugin\luasnip.vim
075.594  001.734  001.734: require('vim.filetype')
077.002  000.445  000.445: require('luasnip.util.types')
077.464  000.454  000.454: require('luasnip.util.ext_opts')
079.135  000.500  000.500: require('luasnip.session')
082.172  004.250  003.749: require('luasnip.util.util')
082.181  004.710  000.461: require('luasnip.extras.filetype_functions')
082.349  006.503  000.894: require('luasnip.config')
084.148  000.464  000.464: require('luasnip.session.snippet_collection.source')
084.159  001.052  000.588: require('luasnip.session.snippet_collection')
085.307  000.671  000.671: require('luasnip.util._builtin_vars')
085.500  000.185  000.185: require('vim.inspect')
085.527  001.364  000.509: require('luasnip.util.environ')
085.998  000.466  000.466: require('luasnip.util.extend_decorator')
086.954  000.428  000.428: require('luasnip.loaders._caches')
088.020  000.540  000.540: require('luasnip.util.path')
088.028  001.068  000.528: require('luasnip.loaders.util')
088.047  002.043  000.547: require('luasnip.loaders')
088.670  000.614  000.614: require('luasnip.util.log')
088.692  006.332  000.792: require('luasnip')
088.739  014.989  000.420: sourcing C:\Users\mikew\AppData\Local\nvim-data\site\pack\packer\start\LuaSnip\plugin\luasnip.lua
089.792  000.225  000.225: sourcing C:\Users\mikew\AppData\Local\nvim-data\site\pack\packer\start\neo-tree.nvim\plugin\neo-tree.vim
091.499  000.659  000.659: require('cmp.utils.api')
092.681  000.586  000.586: require('cmp.types.cmp')
094.046  000.686  000.686: require('cmp.utils.misc')
094.066  001.378  000.692: require('cmp.types.lsp')
094.642  000.572  000.572: require('cmp.types.vim')
094.648  003.142  000.606: require('cmp.types')
095.283  000.632  000.632: require('cmp.utils.highlight')
096.496  000.583  000.583: require('cmp.utils.debug')
096.508  001.218  000.635: require('cmp.utils.autocmd')
096.813  006.085  000.433: sourcing C:\Users\mikew\AppData\Local\nvim-data\site\pack\packer\start\nvim-cmp\plugin\cmp.lua
102.563  001.252  001.252: require('vim.lsp.log')
104.080  001.508  001.508: require('vim.lsp.protocol')
106.896  001.045  001.045: require('vim.lsp._snippet')
107.781  000.877  000.877: require('vim.highlight')
107.805  000.018  000.018: require('vim.F')
107.820  003.732  001.792: require('vim.lsp.util')
107.830  008.100  001.608: require('vim.lsp.handlers')
108.986  001.153  001.153: require('vim.lsp.rpc')
109.957  000.963  000.963: require('vim.lsp.sync')
111.144  001.180  001.180: require('vim.lsp.semantic_tokens')
112.522  001.370  001.370: require('vim.lsp.buf')
113.577  001.047  001.047: require('vim.lsp.diagnostic')
114.573  000.990  000.990: require('vim.lsp.codelens')
114.615  016.960  002.157: require('vim.lsp')
115.763  001.084  001.084: require('vim.version')
117.509  020.019  001.976: sourcing C:\Users\mikew\AppData\Local\nvim-data\site\pack\packer\start\nvim-lspconfig\plugin\lspconfig.lua
121.879  000.874  000.874: require('nvim-treesitter.configs')
121.888  001.622  000.748: require('nvim-treesitter.info')
122.692  000.800  000.800: require('nvim-treesitter.shell_command_selectors')
122.721  003.570  001.148: require('nvim-treesitter.install')
123.380  000.654  000.654: require('nvim-treesitter.statusline')
124.106  000.719  000.719: require('nvim-treesitter.query_predicates')
124.113  005.688  000.746: require('nvim-treesitter')
124.566  006.233  000.545: sourcing C:\Users\mikew\AppData\Local\nvim-data\site\pack\packer\start\nvim-treesitter\plugin\nvim-treesitter.lua
125.115  000.064  000.064: sourcing C:\Users\mikew\AppData\Local\nvim-data\site\pack\packer\start\nvim-web-devicons\plugin\nvim-web-devicons.vim
126.912  000.708  000.708: require('nvim-treesitter-playground')
127.204  001.071  000.363: sourcing C:\Users\mikew\AppData\Local\nvim-data\site\pack\packer\start\playground\plugin\nvim-treesitter-playground.lua
127.774  000.101  000.101: sourcing C:\Users\mikew\AppData\Local\nvim-data\site\pack\packer\start\plenary.nvim\plugin\plenary.vim
129.131  000.352  000.352: sourcing C:\Users\mikew\AppData\Local\nvim-data\site\pack\packer\start\telescope.nvim\plugin\telescope.lua
129.977  000.207  000.207: sourcing C:\Users\mikew\AppData\Local\nvim-data\site\pack\packer\start\undotree\plugin\undotree.vim
132.430  001.840  001.840: sourcing C:\Users\mikew\AppData\Local\nvim-data\site\pack\packer\start\vim-fugitive\plugin\fugitive.vim
132.899  013.004: loading packages
137.634  000.647  000.647: require('cmp.utils.char')
137.645  001.346  000.699: require('cmp.utils.str')
139.720  000.578  000.578: require('cmp.utils.buffer')
139.729  001.281  000.703: require('cmp.utils.keymap')
139.735  002.085  000.804: require('cmp.utils.feedkeys')
141.799  000.697  000.697: require('cmp.config.mapping')
142.386  000.580  000.580: require('cmp.utils.cache')
143.854  000.727  000.727: require('cmp.config.compare')
143.861  001.466  000.740: require('cmp.config.default')
143.884  003.473  000.730: require('cmp.config')
143.904  004.166  000.693: require('cmp.utils.async')
145.126  000.577  000.577: require('cmp.utils.pattern')
145.137  001.230  000.652: require('cmp.context')
147.603  000.689  000.689: require('cmp.matcher')
147.613  001.648  000.959: require('cmp.entry')
147.621  002.480  000.832: require('cmp.source')
148.932  000.593  000.593: require('cmp.utils.event')
150.964  000.617  000.617: require('cmp.utils.options')
150.975  001.367  000.750: require('cmp.utils.window')
150.980  002.041  000.674: require('cmp.view.docs_view')
151.884  000.901  000.901: require('cmp.view.custom_entries_view')
152.669  000.778  000.778: require('cmp.view.wildmenu_entries_view')
153.385  000.710  000.710: require('cmp.view.native_entries_view')
154.091  000.700  000.700: require('cmp.view.ghost_text_view')
154.109  006.485  000.762: require('cmp.view')
154.564  019.206  001.415: require('cmp.core')
155.268  000.591  000.591: require('cmp.config.sources')
155.856  000.581  000.581: require('cmp.config.window')
155.939  021.405  001.028: require('cmp')
156.788  000.151  000.151: require('cmp_buffer.timer')
156.799  000.502  000.351: require('cmp_buffer.buffer')
156.805  000.725  000.223: require('cmp_buffer.source')
156.809  000.866  000.141: require('cmp_buffer')
156.830  022.354  000.083: sourcing C:\Users\mikew\AppData\Local\nvim-data\site\pack\packer\start\cmp-buffer\after\plugin\cmp_buffer.lua
157.755  000.244  000.244: require('cmp_nvim_lsp.source')
157.763  000.516  000.272: require('cmp_nvim_lsp')
157.784  000.586  000.070: sourcing C:\Users\mikew\AppData\Local\nvim-data\site\pack\packer\start\cmp-nvim-lsp\after\plugin\cmp_nvim_lsp.lua
158.429  000.239  000.239: require('cmp_nvim_lua')
158.454  000.314  000.074: sourcing C:\Users\mikew\AppData\Local\nvim-data\site\pack\packer\start\cmp-nvim-lua\after\plugin\cmp_nvim_lua.lua
159.307  000.367  000.367: require('cmp_path')
159.346  000.456  000.089: sourcing C:\Users\mikew\AppData\Local\nvim-data\site\pack\packer\start\cmp-path\after\plugin\cmp_path.lua
160.137  000.358  000.358: require('cmp_luasnip')
160.177  000.464  000.106: sourcing C:\Users\mikew\AppData\Local\nvim-data\site\pack\packer\start\cmp_luasnip\after\plugin\cmp_luasnip.lua
162.141  000.412  000.412: require('kanagawa')
162.600  000.452  000.452: require('kanagawa.utils')
163.061  000.446  000.446: require('kanagawa.colors')
164.911  000.866  000.866: require('kanagawa.lib.hsluv')
164.925  001.290  000.424: require('kanagawa.lib.color')
164.933  001.831  000.541: require('kanagawa.themes')
165.449  000.429  000.429: require('kanagawa.highlights')
166.057  000.601  000.601: require('kanagawa.highlights.editor')
166.715  000.543  000.543: require('kanagawa.highlights.syntax')
167.339  000.547  000.547: require('kanagawa.highlights.treesitter')
167.976  000.478  000.478: require('kanagawa.highlights.lsp')
168.578  000.585  000.585: require('kanagawa.highlights.plugins')
169.102  007.407  001.084: sourcing C:\Users\mikew\AppData\Local\nvim-data\site\pack\packer\start\kanagawa\colors\kanagawa-dragon.vim
169.543  008.355  000.949: sourcing C:\Users\mikew\AppData\Local\nvim\after\plugin\colors.lua
169.795  000.073  000.073: sourcing C:\Users\mikew\AppData\Local\nvim\after\plugin\fugitive.lua
173.003  000.849  000.849: require('plenary.bit')
173.764  000.753  000.753: require('plenary.functional')
173.786  002.811  001.210: require('plenary.path')
175.184  001.029  001.029: require('plenary.job')
175.192  001.403  000.374: require('harpoon.utils')
176.450  000.885  000.885: require('plenary.log')
176.498  001.302  000.417: require('harpoon.dev')
178.006  007.479  001.963: require('harpoon')
178.020  008.021  000.542: require('harpoon.mark')
181.154  000.841  000.841: require('plenary.strings')
181.162  001.731  000.890: require('plenary.window.border')
181.922  000.756  000.756: require('plenary.window')
182.652  000.724  000.724: require('plenary.popup.utils')
182.660  004.142  000.931: require('plenary.popup')
182.666  004.642  000.500: require('harpoon.ui')
182.706  012.761  000.098: sourcing C:\Users\mikew\AppData\Local\nvim\after\plugin\harpoon.lua
184.013  000.570  000.570: require('lsp-zero.server')
185.976  000.976  000.976: require('lspconfig.util')
188.129  000.781  000.781: require('lspconfig.configs')
188.137  001.340  000.559: require('lspconfig')
188.260  005.305  002.419: require('lsp-zero')
188.707  000.442  000.442: require('lsp-zero.settings')
189.110  000.396  000.396: require('lsp-zero.preset')
189.518  000.397  000.397: require('lsp-zero.installer')
190.407  000.460  000.460: require('mason-core.path')
191.557  000.553  000.553: require('mason-core.functional')
192.567  000.459  000.459: require('mason-core.functional.data')
192.576  000.976  000.517: require('mason-core.functional.function')
193.073  000.462  000.462: require('mason-core.functional.relation')
193.558  000.476  000.476: require('mason-core.functional.logic')
193.602  003.189  000.722: require('mason-core.platform')
194.091  000.485  000.485: require('mason.settings')
194.097  004.572  000.438: require('mason')
195.336  000.572  000.572: require('mason-core.functional.list')
195.869  000.525  000.525: require('mason-core.functional.string')
195.913  001.776  000.678: require('mason.api.command')
196.430  000.508  000.508: require('mason-registry.sources')
197.540  000.585  000.585: require('mason-core.log')
197.980  000.433  000.433: require('mason-lspconfig.settings')
197.988  001.543  000.524: require('mason-lspconfig')
198.887  000.418  000.418: require('mason-lspconfig.notify')
198.896  000.903  000.486: require('mason-lspconfig.lspconfig_hook')
199.884  000.485  000.485: require('mason-core.functional.table')
199.940  001.041  000.555: require('mason-lspconfig.mappings.server')
200.976  000.498  000.498: require('mason-core.EventEmitter')
201.456  000.473  000.473: require('mason-core.optional')
202.593  000.578  000.578: require('mason-core.async')
203.042  000.441  000.441: require('mason-core.async.uv')
203.107  001.645  000.626: require('mason-core.fs')
203.137  003.193  000.576: require('mason-registry')
203.588  000.446  000.446: require('mason-lspconfig.server_config_extensions')
204.232  000.637  000.637: require('lspconfig.server_configurations.omnisharp')
205.488  000.463  000.463: require('mason-core.functional.number')
205.522  001.042  000.580: require('mason-lspconfig.api.command')
206.042  000.420  000.420: require('lsp-zero.setup')
207.429  000.508  000.508: require('lsp-zero.cmp')
209.772  001.738  001.738: require('vim.diagnostic')
210.626  000.789  000.789: require('mason-lspconfig.ensure_installed')
213.300  000.557  000.557: require('mason-core.result')
213.354  001.229  000.672: require('mason-core.purl')
213.371  001.980  000.752: require('mason-core.package')
215.221  000.711  000.711: require('mason-core.process')
219.460  004.232  004.232: require('mason-core.spawn')
219.476  005.532  000.589: require('mason-core.managers.powershell')
219.947  000.467  000.467: require('mason.version')
219.955  006.580  000.582: require('mason-core.fetch')
220.454  000.495  000.495: require('mason-core.providers')
222.196  000.511  000.511: require('mason-core.installer.registry.expr')
222.211  001.141  000.629: require('mason-core.installer.registry.link')
225.246  000.546  000.546: require('mason-core.receipt')
225.275  001.305  000.760: require('mason-core.installer.context')
225.803  000.523  000.523: require('mason-core.async.control')
226.377  000.568  000.568: require('mason-core.installer.linker')
226.387  003.046  000.650: require('mason-core.installer')
226.411  003.656  000.611: require('mason-core.installer.managers.std')
226.417  004.202  000.545: require('mason-core.installer.registry.schemas')
226.937  000.517  000.517: require('mason-core.installer.registry.util')
226.952  006.492  000.632: require('mason-core.installer.registry')
226.969  016.322  000.775: require('mason-registry.sources.github')
230.702  000.496  000.496: require('mason-registry.installer')
231.976  000.643  000.643: require('mason-vendor.zzlib.inflate-bit32')
232.013  001.290  000.647: require('mason-vendor.zzlib')
233.762  000.492  000.492: require('mason-lspconfig.server_configurations.omnisharp')
234.655  000.661  000.661: require('lspconfig.server_configurations.bashls')
237.127  000.612  000.612: require('lspconfig.server_configurations.taplo')
239.572  000.634  000.634: require('lspconfig.server_configurations.tsserver')
242.077  000.732  000.732: require('lspconfig.server_configurations.jdtls')
244.479  000.638  000.638: require('lspconfig.server_configurations.cssls')
246.821  000.640  000.640: require('lspconfig.server_configurations.pylsp')
248.083  000.604  000.604: require('mason-core.managers.pip3')
248.090  001.089  000.485: require('mason-lspconfig.server_configurations.pylsp')
248.838  000.613  000.613: require('lspconfig.server_configurations.html')
251.301  000.662  000.662: require('lspconfig.server_configurations.clangd')
253.781  000.626  000.626: require('lspconfig.server_configurations.gopls')
256.166  000.640  000.640: require('lspconfig.server_configurations.lua_ls')
258.697  000.760  000.760: require('lspconfig.server_configurations.rust_analyzer')
261.218  000.473  000.473: require('lsp-zero.cmp-mapping')
261.733  078.862  025.826: sourcing C:\Users\mikew\AppData\Local\nvim\after\plugin\lsp.lua
264.049  000.314  000.314: require('feline.utils')
264.373  000.317  000.317: require('feline.defaults')
264.386  001.049  000.418: require('feline')
264.718  000.321  000.321: require('feline.providers')
265.298  000.261  000.261: require('feline.themes.default')
265.306  000.564  000.303: require('feline.themes')
266.893  001.564  001.564: require('nvim-web-devicons')
267.725  000.392  000.392: require('feline.providers.vi_mode')
267.763  000.864  000.471: require('feline.default_components')
268.408  000.640  000.640: require('feline.generator')
268.444  006.501  001.501: sourcing C:\Users\mikew\AppData\Local\nvim\after\plugin\statusbar.lua
274.594  000.721  000.721: require('plenary.tbl')
274.618  001.504  000.783: require('plenary.vararg.rotate')
274.622  002.225  000.722: require('plenary.vararg')
275.338  000.712  000.712: require('plenary.errors')
275.346  003.753  000.816: require('plenary.async.async')
276.092  000.743  000.743: require('plenary.async.structs')
276.121  005.373  000.878: require('plenary.async.control')
280.517  000.769  000.769: require('telescope.deprecated')
282.533  000.818  000.818: require('telescope.log')
284.330  000.785  000.785: require('telescope.state')
284.341  001.801  001.016: require('telescope.utils')
284.350  003.826  001.206: require('telescope.sorters')
285.570  007.216  002.621: require('telescope.config')
286.510  000.932  000.932: require('telescope.pickers.scroller')
287.406  000.887  000.887: require('telescope.actions.state')
288.229  000.817  000.817: require('telescope.actions.utils')
289.932  000.844  000.844: require('telescope.actions.mt')
289.948  001.711  000.867: require('telescope.actions.set')
291.642  000.858  000.858: require('telescope.config.resolve')
291.650  001.698  000.840: require('telescope.pickers.entry_display')
292.462  000.808  000.808: require('telescope.from_entry')
292.591  016.466  002.397: require('telescope.actions')
294.835  001.366  001.366: require('telescope.make_entry')
297.851  000.768  000.768: require('plenary.async.util')
297.859  001.481  000.713: require('plenary.async.tests')
297.863  002.216  000.735: require('plenary.async')
297.868  003.026  000.811: require('telescope.finders.async_static_finder')
300.277  000.715  000.715: require('plenary.class')
300.293  001.609  000.894: require('telescope._')
300.297  002.426  000.817: require('telescope.finders.async_oneshot_finder')
301.139  000.834  000.834: require('telescope.finders.async_job_finder')
301.147  008.547  000.895: require('telescope.finders')
304.165  000.820  000.820: require('telescope._extensions')
304.173  001.581  000.761: require('telescope')
305.006  000.829  000.829: require('telescope.debounce')
305.909  000.896  000.896: require('telescope.mappings')
306.798  000.882  000.882: require('telescope.pickers.highlights')
307.598  000.793  000.793: require('telescope.pickers.window')
309.278  000.838  000.838: require('telescope.algos.linked_list')
309.286  001.683  000.845: require('telescope.entry_manager')
310.082  000.792  000.792: require('telescope.pickers.multi')
310.100  008.949  001.492: require('telescope.pickers')
310.115  040.464  001.128: require('telescope.builtin.__lsp')
310.128  041.464  001.000: require('telescope.builtin')
310.171  041.560  000.095: sourcing C:\Users\mikew\AppData\Local\nvim\after\plugin\telescope.lua
316.449  000.626  000.626: require('nvim-treesitter.highlight')
316.541  006.188  005.562: sourcing C:\Users\mikew\AppData\Local\nvim\after\plugin\treesitter.lua
316.797  000.091  000.091: sourcing C:\Users\mikew\AppData\Local\nvim\after\plugin\undotree.lua
316.813  005.351: loading after plugins
316.842  000.028: inits 3
321.361  004.519: reading ShaDa
322.501  000.626  000.626: require('luasnip.loaders.from_lua')
323.102  000.565  000.565: require('luasnip.loaders.from_snipmate')
324.397  000.659  000.659: require('luasnip.util.jsonc')
324.407  001.284  000.625: require('luasnip.loaders.from_vscode')
324.631  000.796: opening buffers
324.769  000.139: BufEnter autocommands
324.774  000.004: editing files in windows
325.463  000.520  000.520: require('mason-core.terminator')
333.476  000.246  000.246: require('vim.fs')
334.219  000.561  000.561: require('gitsigns.cache')
335.503  000.516  000.516: require('gitsigns.util')
335.858  000.346  000.346: require('gitsigns.subprocess')
336.469  000.605  000.605: require('gitsigns.hunks')
338.328  004.101  002.633: require('gitsigns.git')
346.977  000.758  000.758: require('mason-registry.api')
347.001  001.603  000.845: require('mason.providers.registry-api')


times in msec
 clock   self+sourced   self:  sourced script
 clock   elapsed:              other lines

000.021  000.021: --- NVIM STARTING ---
000.090  000.069: event init
000.235  000.144: early init
012.634  012.399: locale set
012.739  000.106: init first window
013.424  000.685: inits 1
013.554  000.130: window checked
013.564  000.010: parsing arguments
014.785  000.371  000.371: require('vim.shared')
015.442  000.251  000.251: require('vim._meta')
015.448  000.653  000.402: require('vim._editor')
015.451  001.163  000.139: require('vim._init_packages')
015.465  000.739: init lua interpreter
019.113  003.647: expanding arguments
019.156  000.043: inits 2
019.708  000.552: init highlight
